# JRE version: Java(TM) SE Runtime Environment (8.0_261-b12) (build 1.8.0_261-b12)
# Java VM: Java HotSpot(TM) 64-Bit Server VM (25.261-b12 mixed mode windows-amd64 compressed oops)
Heap:
 PSYoungGen      total 480768K, used 45660K [0x00000000e0000000, 0x0000000100000000, 0x0000000100000000)
  eden space 440832K, 6% used [0x00000000e0000000,0x00000000e1deb2e0,0x00000000fae80000)
  from space 39936K, 37% used [0x00000000fae80000,0x00000000fbd2c040,0x00000000fd580000)
  to   space 38912K, 0% used [0x00000000fda00000,0x00000000fda00000,0x0000000100000000)
 ParOldGen       total 735232K, used 607948K [0x00000000a0000000, 0x00000000cce00000, 0x00000000e0000000)
  object space 735232K, 82% used [0x00000000a0000000,0x00000000c51b3180,0x00000000cce00000)
 Metaspace       used 147327K, capacity 163989K, committed 164096K, reserved 1191936K
  class space    used 19024K, capacity 21955K, committed 22016K, reserved 1048576K
GC Heap History (10 events):
Event: 1915.100 GC heap before
{Heap before GC invocations=97 (full 8):
 PSYoungGen      total 466432K, used 442676K [0x00000000e0000000, 0x00000000ff880000, 0x0000000100000000)
  eden space 422400K, 100% used [0x00000000e0000000,0x00000000f9c80000,0x00000000f9c80000)
  from space 44032K, 46% used [0x00000000fcd80000,0x00000000fe14d2d8,0x00000000ff880000)
  to   space 47104K, 0% used [0x00000000f9c80000,0x00000000f9c80000,0x00000000fca80000)
 ParOldGen       total 735232K, used 592859K [0x00000000a0000000, 0x00000000cce00000, 0x00000000e0000000)
  object space 735232K, 80% used [0x00000000a0000000,0x00000000c42f6c10,0x00000000cce00000)
 Metaspace       used 147316K, capacity 163981K, committed 164096K, reserved 1191936K
  class space    used 19022K, capacity 21953K, committed 22016K, reserved 1048576K
Event: 1915.172 GC heap after
Heap after GC invocations=97 (full 8):
 PSYoungGen      total 469504K, used 21919K [0x00000000e0000000, 0x00000000ffe00000, 0x0000000100000000)
  eden space 422400K, 0% used [0x00000000e0000000,0x00000000e0000000,0x00000000f9c80000)
  from space 47104K, 46% used [0x00000000f9c80000,0x00000000fb1e7d40,0x00000000fca80000)
  to   space 44544K, 0% used [0x00000000fd280000,0x00000000fd280000,0x00000000ffe00000)
 ParOldGen       total 735232K, used 593891K [0x00000000a0000000, 0x00000000cce00000, 0x00000000e0000000)
  object space 735232K, 80% used [0x00000000a0000000,0x00000000c43f8c10,0x00000000cce00000)
 Metaspace       used 147316K, capacity 163981K, committed 164096K, reserved 1191936K
  class space    used 19022K, capacity 21953K, committed 22016K, reserved 1048576K
}
Event: 1916.161 GC heap before
{Heap before GC invocations=98 (full 8):
 PSYoungGen      total 469504K, used 444319K [0x00000000e0000000, 0x00000000ffe00000, 0x0000000100000000)
  eden space 422400K, 100% used [0x00000000e0000000,0x00000000f9c80000,0x00000000f9c80000)
  from space 47104K, 46% used [0x00000000f9c80000,0x00000000fb1e7d40,0x00000000fca80000)
  to   space 44544K, 0% used [0x00000000fd280000,0x00000000fd280000,0x00000000ffe00000)
 ParOldGen       total 735232K, used 593891K [0x00000000a0000000, 0x00000000cce00000, 0x00000000e0000000)
  object space 735232K, 80% used [0x00000000a0000000,0x00000000c43f8c10,0x00000000cce00000)
 Metaspace       used 147318K, capacity 163981K, committed 164096K, reserved 1191936K
  class space    used 19022K, capacity 21953K, committed 22016K, reserved 1048576K
Event: 1916.236 GC heap after
Heap after GC invocations=98 (full 8):
 PSYoungGen      total 472576K, used 20719K [0x00000000e0000000, 0x00000000ff980000, 0x0000000100000000)
  eden space 432640K, 0% used [0x00000000e0000000,0x00000000e0000000,0x00000000fa680000)
  from space 39936K, 51% used [0x00000000fd280000,0x00000000fe6bbd50,0x00000000ff980000)
  to   space 42496K, 0% used [0x00000000fa680000,0x00000000fa680000,0x00000000fd000000)
 ParOldGen       total 735232K, used 597551K [0x00000000a0000000, 0x00000000cce00000, 0x00000000e0000000)
  object space 735232K, 81% used [0x00000000a0000000,0x00000000c478bc30,0x00000000cce00000)
 Metaspace       used 147318K, capacity 163981K, committed 164096K, reserved 1191936K
  class space    used 19022K, capacity 21953K, committed 22016K, reserved 1048576K
}
Event: 1917.402 GC heap before
{Heap before GC invocations=99 (full 8):
 PSYoungGen      total 472576K, used 453359K [0x00000000e0000000, 0x00000000ff980000, 0x0000000100000000)
  eden space 432640K, 100% used [0x00000000e0000000,0x00000000fa680000,0x00000000fa680000)
  from space 39936K, 51% used [0x00000000fd280000,0x00000000fe6bbd50,0x00000000ff980000)
  to   space 42496K, 0% used [0x00000000fa680000,0x00000000fa680000,0x00000000fd000000)
 ParOldGen       total 735232K, used 597551K [0x00000000a0000000, 0x00000000cce00000, 0x00000000e0000000)
  object space 735232K, 81% used [0x00000000a0000000,0x00000000c478bc30,0x00000000cce00000)
 Metaspace       used 147320K, capacity 163981K, committed 164096K, reserved 1191936K
  class space    used 19022K, capacity 21953K, committed 22016K, reserved 1048576K
Event: 1917.438 GC heap after
Heap after GC invocations=99 (full 8):
 PSYoungGen      total 475136K, used 18928K [0x00000000e0000000, 0x00000000fff80000, 0x0000000100000000)
  eden space 432640K, 0% used [0x00000000e0000000,0x00000000e0000000,0x00000000fa680000)
  from space 42496K, 44% used [0x00000000fa680000,0x00000000fb8fc160,0x00000000fd000000)
  to   space 40960K, 0% used [0x00000000fd780000,0x00000000fd780000,0x00000000fff80000)
 ParOldGen       total 735232K, used 600677K [0x00000000a0000000, 0x00000000cce00000, 0x00000000e0000000)
  object space 735232K, 81% used [0x00000000a0000000,0x00000000c4a99470,0x00000000cce00000)
 Metaspace       used 147320K, capacity 163981K, committed 164096K, reserved 1191936K
  class space    used 19022K, capacity 21953K, committed 22016K, reserved 1048576K
}
Event: 1918.325 GC heap before
{Heap before GC invocations=100 (full 8):
 PSYoungGen      total 475136K, used 451568K [0x00000000e0000000, 0x00000000fff80000, 0x0000000100000000)
  eden space 432640K, 100% used [0x00000000e0000000,0x00000000fa680000,0x00000000fa680000)
  from space 42496K, 44% used [0x00000000fa680000,0x00000000fb8fc160,0x00000000fd000000)
  to   space 40960K, 0% used [0x00000000fd780000,0x00000000fd780000,0x00000000fff80000)
 ParOldGen       total 735232K, used 600677K [0x00000000a0000000, 0x00000000cce00000, 0x00000000e0000000)
  object space 735232K, 81% used [0x00000000a0000000,0x00000000c4a99470,0x00000000cce00000)
 Metaspace       used 147321K, capacity 163981K, committed 164096K, reserved 1191936K
  class space    used 19022K, capacity 21953K, committed 22016K, reserved 1048576K
Event: 1918.359 GC heap after
Heap after GC invocations=100 (full 8):
 PSYoungGen      total 478720K, used 16480K [0x00000000e0000000, 0x00000000ffc80000, 0x0000000100000000)
  eden space 440832K, 0% used [0x00000000e0000000,0x00000000e0000000,0x00000000fae80000)
  from space 37888K, 43% used [0x00000000fd780000,0x00000000fe798160,0x00000000ffc80000)
  to   space 39936K, 0% used [0x00000000fae80000,0x00000000fae80000,0x00000000fd580000)
 ParOldGen       total 735232K, used 604456K [0x00000000a0000000, 0x00000000cce00000, 0x00000000e0000000)
  object space 735232K, 82% used [0x00000000a0000000,0x00000000c4e4a000,0x00000000cce00000)
 Metaspace       used 147321K, capacity 163981K, committed 164096K, reserved 1191936K
  class space    used 19022K, capacity 21953K, committed 22016K, reserved 1048576K
}
Event: 1919.589 GC heap before
{Heap before GC invocations=101 (full 8):
 PSYoungGen      total 478720K, used 457312K [0x00000000e0000000, 0x00000000ffc80000, 0x0000000100000000)
  eden space 440832K, 100% used [0x00000000e0000000,0x00000000fae80000,0x00000000fae80000)
  from space 37888K, 43% used [0x00000000fd780000,0x00000000fe798160,0x00000000ffc80000)
  to   space 39936K, 0% used [0x00000000fae80000,0x00000000fae80000,0x00000000fd580000)
 ParOldGen       total 735232K, used 604456K [0x00000000a0000000, 0x00000000cce00000, 0x00000000e0000000)
  object space 735232K, 82% used [0x00000000a0000000,0x00000000c4e4a000,0x00000000cce00000)
 Metaspace       used 147327K, capacity 163989K, committed 164096K, reserved 1191936K
  class space    used 19024K, capacity 21955K, committed 22016K, reserved 1048576K
Event: 1919.630 GC heap after
Heap after GC invocations=101 (full 8):
 PSYoungGen      total 480768K, used 15024K [0x00000000e0000000, 0x0000000100000000, 0x0000000100000000)
  eden space 440832K, 0% used [0x00000000e0000000,0x00000000e0000000,0x00000000fae80000)
  from space 39936K, 37% used [0x00000000fae80000,0x00000000fbd2c040,0x00000000fd580000)
  to   space 38912K, 0% used [0x00000000fda00000,0x00000000fda00000,0x0000000100000000)
 ParOldGen       total 735232K, used 607948K [0x00000000a0000000, 0x00000000cce00000, 0x00000000e0000000)
  object space 735232K, 82% used [0x00000000a0000000,0x00000000c51b3180,0x00000000cce00000)
 Metaspace       used 147327K, capacity 163989K, committed 164096K, reserved 1191936K
  class space    used 19024K, capacity 21955K, committed 22016K, reserved 1048576K
}

